-------------------------------------------------------------------------------
Test set: InjectedTest
-------------------------------------------------------------------------------
Tests run: 2, Failures: 0, Errors: 2, Skipped: 0, Time elapsed: 0.605 sec <<< FAILURE!
org.jvnet.hudson.test.JellyTestSuiteBuilder$JellyTestSuite(org.jvnet.hudson.test.junit.FailedTest)  Time elapsed: 0.012 sec  <<< ERROR!
java.lang.NoSuchMethodError: hudson.util.XStream2.getConverterRegistry()Lcom/thoughtworks/xstream/converters/ConverterRegistry;
	at hudson.util.XStream2.wrapMapper(XStream2.java:140)
	at com.thoughtworks.xstream.XStream.buildMapper(XStream.java:491)
	at com.thoughtworks.xstream.XStream.<init>(XStream.java:451)
	at com.thoughtworks.xstream.XStream.<init>(XStream.java:381)
	at com.thoughtworks.xstream.XStream.<init>(XStream.java:336)
	at hudson.util.XStream2.<init>(XStream2.java:75)
	at hudson.model.User.<clinit>(User.java:556)
	at org.jvnet.hudson.test.HudsonTestCase.setUp(HudsonTestCase.java:297)
	at org.jvnet.hudson.test.JellyTestSuiteBuilder$JellyTestSuite.setUp(JellyTestSuiteBuilder.java:133)
	at org.jvnet.hudson.test.junit.GroupedTest.run(GroupedTest.java:46)
	at junit.framework.TestSuite.runTest(TestSuite.java:243)
	at junit.framework.TestSuite.run(TestSuite.java:238)
	at org.junit.internal.runners.JUnit38ClassRunner.run(JUnit38ClassRunner.java:83)
	at org.apache.maven.surefire.junit4.JUnit4TestSet.execute(JUnit4TestSet.java:53)
	at org.apache.maven.surefire.junit4.JUnit4Provider.executeTestSet(JUnit4Provider.java:123)
	at org.apache.maven.surefire.junit4.JUnit4Provider.invoke(JUnit4Provider.java:104)
	at sun.reflect.NativeMethodAccessorImpl.invoke0(Native Method)
	at sun.reflect.NativeMethodAccessorImpl.invoke(NativeMethodAccessorImpl.java:57)
	at sun.reflect.DelegatingMethodAccessorImpl.invoke(DelegatingMethodAccessorImpl.java:43)
	at java.lang.reflect.Method.invoke(Method.java:616)
	at org.apache.maven.surefire.util.ReflectionUtils.invokeMethodWithArray(ReflectionUtils.java:164)
	at org.apache.maven.surefire.booter.ProviderFactory$ProviderProxy.invoke(ProviderFactory.java:110)
	at org.apache.maven.surefire.booter.SurefireStarter.invokeProvider(SurefireStarter.java:172)
	at org.apache.maven.surefire.booter.SurefireStarter.runSuitesInProcessWhenForked(SurefireStarter.java:104)
	at org.apache.maven.surefire.booter.ForkedBooter.main(ForkedBooter.java:70)
testCliSanity(org.jvnet.hudson.test.PluginAutomaticTestBuilder$CliSanityTest)  Time elapsed: 0 sec  <<< ERROR!
java.lang.NoClassDefFoundError: Could not initialize class hudson.model.User
	at org.jvnet.hudson.test.HudsonTestCase.setUp(HudsonTestCase.java:297)
	at junit.framework.TestCase.runBare(TestCase.java:132)
	at org.jvnet.hudson.test.HudsonTestCase.runBare(HudsonTestCase.java:286)
	at junit.framework.TestResult$1.protect(TestResult.java:110)
	at junit.framework.TestResult.runProtected(TestResult.java:128)
	at junit.framework.TestResult.run(TestResult.java:113)
	at junit.framework.TestCase.run(TestCase.java:124)
	at junit.framework.TestSuite.runTest(TestSuite.java:243)
	at junit.framework.TestSuite.run(TestSuite.java:238)
	at junit.framework.TestSuite.runTest(TestSuite.java:243)
	at junit.framework.TestSuite.run(TestSuite.java:238)
	at org.junit.internal.runners.JUnit38ClassRunner.run(JUnit38ClassRunner.java:83)
	at org.apache.maven.surefire.junit4.JUnit4TestSet.execute(JUnit4TestSet.java:53)
	at org.apache.maven.surefire.junit4.JUnit4Provider.executeTestSet(JUnit4Provider.java:123)
	at org.apache.maven.surefire.junit4.JUnit4Provider.invoke(JUnit4Provider.java:104)
	at sun.reflect.NativeMethodAccessorImpl.invoke0(Native Method)
	at sun.reflect.NativeMethodAccessorImpl.invoke(NativeMethodAccessorImpl.java:57)
	at sun.reflect.DelegatingMethodAccessorImpl.invoke(DelegatingMethodAccessorImpl.java:43)
	at java.lang.reflect.Method.invoke(Method.java:616)
	at org.apache.maven.surefire.util.ReflectionUtils.invokeMethodWithArray(ReflectionUtils.java:164)
	at org.apache.maven.surefire.booter.ProviderFactory$ProviderProxy.invoke(ProviderFactory.java:110)
	at org.apache.maven.surefire.booter.SurefireStarter.invokeProvider(SurefireStarter.java:172)
	at org.apache.maven.surefire.booter.SurefireStarter.runSuitesInProcessWhenForked(SurefireStarter.java:104)
	at org.apache.maven.surefire.booter.ForkedBooter.main(ForkedBooter.java:70)
